0 info it worked if it ends with ok
1 verbose cli [ '/usr/bin/node',
1 verbose cli   '/usr/bin/npm',
1 verbose cli   'install',
1 verbose cli   '@tensorflow/tfjs-node' ]
2 info using npm@3.5.2
3 info using node@v8.10.0
4 silly loadCurrentTree Starting
5 silly install loadCurrentTree
6 silly install readLocalPackageData
7 silly fetchPackageMetaData @tensorflow/tfjs-node
8 silly fetchNamedPackageData @tensorflow/tfjs-node
9 silly mapToRegistry name @tensorflow/tfjs-node
10 silly mapToRegistry scope (from package name) @tensorflow
11 verbose mapToRegistry no registry URL found in name for scope @tensorflow
12 silly mapToRegistry using default registry
13 silly mapToRegistry registry https://registry.npmjs.org/
14 silly mapToRegistry uri https://registry.npmjs.org/@tensorflow%2ftfjs-node
15 verbose request uri https://registry.npmjs.org/@tensorflow%2ftfjs-node
16 verbose request no auth needed
17 info attempt registry request try #1 at 10:53:24 PM
18 verbose request id 3dc95736727fa786
19 verbose etag W/"a75d24d7b0a2bfa06ca02ab35ec8f944"
20 verbose lastModified Sat, 14 Jul 2018 21:10:19 GMT
21 http request GET https://registry.npmjs.org/@tensorflow%2ftfjs-node
22 http 304 https://registry.npmjs.org/@tensorflow%2ftfjs-node
23 verbose headers { date: 'Wed, 01 Aug 2018 21:53:25 GMT',
23 verbose headers   connection: 'keep-alive',
23 verbose headers   'set-cookie':
23 verbose headers    [ '__cfduid=d4b346c66a2d00c7bfe95ab255ab202e11533160404; expires=Thu, 01-Aug-19 21:53:24 GMT; path=/; domain=.registry.npmjs.org; HttpOnly' ],
23 verbose headers   'cache-control': 'public, max-age=14400',
23 verbose headers   'cf-cache-status': 'HIT',
23 verbose headers   'cf-ray': '443b89910b720cd1-LHR',
23 verbose headers   etag: '"a75d24d7b0a2bfa06ca02ab35ec8f944"',
23 verbose headers   'expect-ct': 'max-age=604800, report-uri="https://report-uri.cloudflare.com/cdn-cgi/beacon/expect-ct"',
23 verbose headers   'last-modified': 'Sat, 14 Jul 2018 21:10:19 GMT',
23 verbose headers   vary: 'Accept-Encoding',
23 verbose headers   server: 'cloudflare' }
24 silly get cb [ 304,
24 silly get   { date: 'Wed, 01 Aug 2018 21:53:25 GMT',
24 silly get     connection: 'keep-alive',
24 silly get     'set-cookie':
24 silly get      [ '__cfduid=d4b346c66a2d00c7bfe95ab255ab202e11533160404; expires=Thu, 01-Aug-19 21:53:24 GMT; path=/; domain=.registry.npmjs.org; HttpOnly' ],
24 silly get     'cache-control': 'public, max-age=14400',
24 silly get     'cf-cache-status': 'HIT',
24 silly get     'cf-ray': '443b89910b720cd1-LHR',
24 silly get     etag: '"a75d24d7b0a2bfa06ca02ab35ec8f944"',
24 silly get     'expect-ct': 'max-age=604800, report-uri="https://report-uri.cloudflare.com/cdn-cgi/beacon/expect-ct"',
24 silly get     'last-modified': 'Sat, 14 Jul 2018 21:10:19 GMT',
24 silly get     vary: 'Accept-Encoding',
24 silly get     server: 'cloudflare' } ]
25 verbose etag https://registry.npmjs.org/@tensorflow%2ftfjs-node from cache
26 verbose get saving @tensorflow/tfjs-node to /home/welcomebuddy/.npm/registry.npmjs.org/_40tensorflow_252ftfjs-node/.cache.json
27 silly install normalizeTree
28 silly loadCurrentTree Finishing
29 silly loadIdealTree Starting
30 silly install loadIdealTree
31 silly cloneCurrentTree Starting
32 silly install cloneCurrentTreeToIdealTree
33 silly cloneCurrentTree Finishing
34 silly loadShrinkwrap Starting
35 silly install loadShrinkwrap
36 silly loadShrinkwrap Finishing
37 silly loadAllDepsIntoIdealTree Starting
38 silly install loadAllDepsIntoIdealTree
39 silly resolveWithNewModule @tensorflow/tfjs-node@0.1.9 checking installable status
40 silly cache add args [ '@tensorflow/tfjs-node', null ]
41 verbose cache add spec @tensorflow/tfjs-node
42 silly cache add parsed spec Result {
42 silly cache add   raw: '@tensorflow/tfjs-node',
42 silly cache add   scope: '@tensorflow',
42 silly cache add   name: '@tensorflow/tfjs-node',
42 silly cache add   rawSpec: '',
42 silly cache add   spec: 'latest',
42 silly cache add   type: 'tag' }
43 silly addNamed @tensorflow/tfjs-node@latest
44 verbose addNamed "latest" is being treated as a dist-tag for @tensorflow/tfjs-node
45 info addNameTag [ '@tensorflow/tfjs-node', 'latest' ]
46 silly mapToRegistry name @tensorflow/tfjs-node
47 silly mapToRegistry scope (from package name) @tensorflow
48 verbose mapToRegistry no registry URL found in name for scope @tensorflow
49 silly mapToRegistry using default registry
50 silly mapToRegistry registry https://registry.npmjs.org/
51 silly mapToRegistry uri https://registry.npmjs.org/@tensorflow%2ftfjs-node
52 verbose addNameTag registry:https://registry.npmjs.org/@tensorflow%2ftfjs-node not in flight; fetching
53 verbose get https://registry.npmjs.org/@tensorflow%2ftfjs-node not expired, no request
54 silly addNameTag next cb for @tensorflow/tfjs-node with tag latest
55 silly addNamed @tensorflow/tfjs-node@0.1.9
56 verbose addNamed "0.1.9" is a plain semver version for @tensorflow/tfjs-node
57 silly cache afterAdd @tensorflow/tfjs-node@0.1.9
58 verbose afterAdd /home/welcomebuddy/.npm/@tensorflow/tfjs-node/0.1.9/package/package.json not in flight; writing
59 verbose afterAdd /home/welcomebuddy/.npm/@tensorflow/tfjs-node/0.1.9/package/package.json written
60 silly fetchNamedPackageData bindings
61 silly mapToRegistry name bindings
62 silly mapToRegistry using default registry
63 silly mapToRegistry registry https://registry.npmjs.org/
64 silly mapToRegistry uri https://registry.npmjs.org/bindings
65 verbose request uri https://registry.npmjs.org/bindings
66 verbose request no auth needed
67 info attempt registry request try #1 at 10:53:25 PM
68 verbose etag W/"032d1e4fd790b7bf3a22d4035271b1a6"
69 verbose lastModified Sat, 26 May 2018 02:07:16 GMT
70 http request GET https://registry.npmjs.org/bindings
71 http 304 https://registry.npmjs.org/bindings
72 verbose headers { date: 'Wed, 01 Aug 2018 21:53:25 GMT',
72 verbose headers   connection: 'keep-alive',
72 verbose headers   'set-cookie':
72 verbose headers    [ '__cfduid=d868e4e67e9f6b93bbc4c608cbab1b2171533160405; expires=Thu, 01-Aug-19 21:53:25 GMT; path=/; domain=.registry.npmjs.org; HttpOnly' ],
72 verbose headers   'cache-control': 'max-age=300',
72 verbose headers   'cf-cache-status': 'HIT',
72 verbose headers   'cf-ray': '443b8995cd740cd1-LHR',
72 verbose headers   etag: '"032d1e4fd790b7bf3a22d4035271b1a6"',
72 verbose headers   'expect-ct': 'max-age=604800, report-uri="https://report-uri.cloudflare.com/cdn-cgi/beacon/expect-ct"',
72 verbose headers   'last-modified': 'Sat, 26 May 2018 02:07:16 GMT',
72 verbose headers   vary: 'accept-encoding, accept',
72 verbose headers   server: 'cloudflare' }
73 silly get cb [ 304,
73 silly get   { date: 'Wed, 01 Aug 2018 21:53:25 GMT',
73 silly get     connection: 'keep-alive',
73 silly get     'set-cookie':
73 silly get      [ '__cfduid=d868e4e67e9f6b93bbc4c608cbab1b2171533160405; expires=Thu, 01-Aug-19 21:53:25 GMT; path=/; domain=.registry.npmjs.org; HttpOnly' ],
73 silly get     'cache-control': 'max-age=300',
73 silly get     'cf-cache-status': 'HIT',
73 silly get     'cf-ray': '443b8995cd740cd1-LHR',
73 silly get     etag: '"032d1e4fd790b7bf3a22d4035271b1a6"',
73 silly get     'expect-ct': 'max-age=604800, report-uri="https://report-uri.cloudflare.com/cdn-cgi/beacon/expect-ct"',
73 silly get     'last-modified': 'Sat, 26 May 2018 02:07:16 GMT',
73 silly get     vary: 'accept-encoding, accept',
73 silly get     server: 'cloudflare' } ]
74 verbose etag https://registry.npmjs.org/bindings from cache
75 verbose get saving bindings to /home/welcomebuddy/.npm/registry.npmjs.org/bindings/.cache.json
76 silly resolveWithNewModule bindings@1.3.0 checking installable status
77 silly cache add args [ 'bindings@~1.3.0', null ]
78 verbose cache add spec bindings@~1.3.0
79 silly cache add parsed spec Result {
79 silly cache add   raw: 'bindings@~1.3.0',
79 silly cache add   scope: null,
79 silly cache add   name: 'bindings',
79 silly cache add   rawSpec: '~1.3.0',
79 silly cache add   spec: '>=1.3.0 <1.4.0',
79 silly cache add   type: 'range' }
80 silly addNamed bindings@>=1.3.0 <1.4.0
81 verbose addNamed ">=1.3.0 <1.4.0" is a valid semver range for bindings
82 silly addNameRange { name: 'bindings', range: '>=1.3.0 <1.4.0', hasData: false }
83 silly mapToRegistry name bindings
84 silly mapToRegistry using default registry
85 silly mapToRegistry registry https://registry.npmjs.org/
86 silly mapToRegistry uri https://registry.npmjs.org/bindings
87 verbose addNameRange registry:https://registry.npmjs.org/bindings not in flight; fetching
88 verbose get https://registry.npmjs.org/bindings not expired, no request
89 silly addNameRange number 2 { name: 'bindings', range: '>=1.3.0 <1.4.0', hasData: true }
90 silly addNameRange versions [ 'bindings',
90 silly addNameRange   [ '0.0.1',
90 silly addNameRange     '0.1.0',
90 silly addNameRange     '0.1.1',
90 silly addNameRange     '0.2.0',
90 silly addNameRange     '0.2.1',
90 silly addNameRange     '0.2.2',
90 silly addNameRange     '0.2.3',
90 silly addNameRange     '0.2.4',
90 silly addNameRange     '0.3.0',
90 silly addNameRange     '0.4.0',
90 silly addNameRange     '1.0.0',
90 silly addNameRange     '1.1.0',
90 silly addNameRange     '1.1.1',
90 silly addNameRange     '1.2.0',
90 silly addNameRange     '1.2.1',
90 silly addNameRange     '1.3.0' ] ]
91 silly addNamed bindings@1.3.0
92 verbose addNamed "1.3.0" is a plain semver version for bindings
93 silly cache afterAdd bindings@1.3.0
94 verbose afterAdd /home/welcomebuddy/.npm/bindings/1.3.0/package/package.json not in flight; writing
95 verbose afterAdd /home/welcomebuddy/.npm/bindings/1.3.0/package/package.json written
96 silly loadAllDepsIntoIdealTree Finishing
97 silly idealTree:prePrune @socialgorithm/uttt-player@1.0.0
97 silly idealTree:prePrune ├── @protobufjs/aspromise@1.1.2
97 silly idealTree:prePrune ├── @protobufjs/base64@1.1.2
97 silly idealTree:prePrune ├── @protobufjs/codegen@2.0.4
97 silly idealTree:prePrune ├── @protobufjs/eventemitter@1.1.0
97 silly idealTree:prePrune ├── @protobufjs/fetch@1.1.0
97 silly idealTree:prePrune ├── @protobufjs/float@1.0.2
97 silly idealTree:prePrune ├── @protobufjs/inquire@1.1.0
97 silly idealTree:prePrune ├── @protobufjs/path@1.1.2
97 silly idealTree:prePrune ├── @protobufjs/pool@1.1.0
97 silly idealTree:prePrune ├── @protobufjs/utf8@1.1.0
97 silly idealTree:prePrune ├── @socialgorithm/ultimate-ttt@4.19.0
97 silly idealTree:prePrune ├── @tensorflow/tfjs-converter@0.5.5
97 silly idealTree:prePrune ├── @tensorflow/tfjs-core@0.12.8
97 silly idealTree:prePrune ├── @tensorflow/tfjs-layers@0.7.2
97 silly idealTree:prePrune ├── @tensorflow/tfjs-node@0.1.9
97 silly idealTree:prePrune ├── @tensorflow/tfjs@0.12.4
97 silly idealTree:prePrune ├── @types/long@3.0.32
97 silly idealTree:prePrune ├── @types/node@10.5.5
97 silly idealTree:prePrune ├── @types/seedrandom@2.4.27
97 silly idealTree:prePrune ├── @types/webgl-ext@0.0.29
97 silly idealTree:prePrune ├── @types/webgl2@0.0.4
97 silly idealTree:prePrune ├── bindings@1.3.0
97 silly idealTree:prePrune ├── long@4.0.0
97 silly idealTree:prePrune ├─┬ protobufjs@6.8.8
97 silly idealTree:prePrune │ └── @types/long@4.0.0
97 silly idealTree:prePrune ├── punycode@1.3.2
97 silly idealTree:prePrune ├── querystring@0.2.0
97 silly idealTree:prePrune ├── seedrandom@2.4.3
97 silly idealTree:prePrune └── url@0.11.0
98 silly loadIdealTree Finishing
99 silly currentTree @socialgorithm/uttt-player@1.0.0
99 silly currentTree ├── @protobufjs/aspromise@1.1.2
99 silly currentTree ├── @protobufjs/base64@1.1.2
99 silly currentTree ├── @protobufjs/codegen@2.0.4
99 silly currentTree ├── @protobufjs/eventemitter@1.1.0
99 silly currentTree ├── @protobufjs/fetch@1.1.0
99 silly currentTree ├── @protobufjs/float@1.0.2
99 silly currentTree ├── @protobufjs/inquire@1.1.0
99 silly currentTree ├── @protobufjs/path@1.1.2
99 silly currentTree ├── @protobufjs/pool@1.1.0
99 silly currentTree ├── @protobufjs/utf8@1.1.0
99 silly currentTree ├── @socialgorithm/ultimate-ttt@4.19.0
99 silly currentTree ├── @tensorflow/tfjs-converter@0.5.5
99 silly currentTree ├── @tensorflow/tfjs-core@0.12.8
99 silly currentTree ├── @tensorflow/tfjs-layers@0.7.2
99 silly currentTree ├── @tensorflow/tfjs@0.12.4
99 silly currentTree ├── @types/long@3.0.32
99 silly currentTree ├── @types/node@10.5.5
99 silly currentTree ├── @types/seedrandom@2.4.27
99 silly currentTree ├── @types/webgl-ext@0.0.29
99 silly currentTree ├── @types/webgl2@0.0.4
99 silly currentTree ├── long@4.0.0
99 silly currentTree ├─┬ protobufjs@6.8.8
99 silly currentTree │ └── @types/long@4.0.0
99 silly currentTree ├── punycode@1.3.2
99 silly currentTree ├── querystring@0.2.0
99 silly currentTree ├── seedrandom@2.4.3
99 silly currentTree └── url@0.11.0
100 silly idealTree @socialgorithm/uttt-player@1.0.0
100 silly idealTree ├── @protobufjs/aspromise@1.1.2
100 silly idealTree ├── @protobufjs/base64@1.1.2
100 silly idealTree ├── @protobufjs/codegen@2.0.4
100 silly idealTree ├── @protobufjs/eventemitter@1.1.0
100 silly idealTree ├── @protobufjs/fetch@1.1.0
100 silly idealTree ├── @protobufjs/float@1.0.2
100 silly idealTree ├── @protobufjs/inquire@1.1.0
100 silly idealTree ├── @protobufjs/path@1.1.2
100 silly idealTree ├── @protobufjs/pool@1.1.0
100 silly idealTree ├── @protobufjs/utf8@1.1.0
100 silly idealTree ├── @socialgorithm/ultimate-ttt@4.19.0
100 silly idealTree ├── @tensorflow/tfjs-converter@0.5.5
100 silly idealTree ├── @tensorflow/tfjs-core@0.12.8
100 silly idealTree ├── @tensorflow/tfjs-layers@0.7.2
100 silly idealTree ├── @tensorflow/tfjs-node@0.1.9
100 silly idealTree ├── @tensorflow/tfjs@0.12.4
100 silly idealTree ├── @types/long@3.0.32
100 silly idealTree ├── @types/node@10.5.5
100 silly idealTree ├── @types/seedrandom@2.4.27
100 silly idealTree ├── @types/webgl-ext@0.0.29
100 silly idealTree ├── @types/webgl2@0.0.4
100 silly idealTree ├── bindings@1.3.0
100 silly idealTree ├── long@4.0.0
100 silly idealTree ├─┬ protobufjs@6.8.8
100 silly idealTree │ └── @types/long@4.0.0
100 silly idealTree ├── punycode@1.3.2
100 silly idealTree ├── querystring@0.2.0
100 silly idealTree ├── seedrandom@2.4.3
100 silly idealTree └── url@0.11.0
101 silly generateActionsToTake Starting
102 silly install generateActionsToTake
103 silly generateActionsToTake Finishing
104 silly diffTrees action count 4
105 silly diffTrees update @tensorflow/tfjs-core@0.12.8
106 silly diffTrees add bindings@1.3.0
107 silly diffTrees update @tensorflow/tfjs@0.12.4
108 silly diffTrees add @tensorflow/tfjs-node@0.1.9
109 silly decomposeActions action count 32
110 silly decomposeActions fetch @tensorflow/tfjs-core@0.12.8
111 silly decomposeActions extract @tensorflow/tfjs-core@0.12.8
112 silly decomposeActions test @tensorflow/tfjs-core@0.12.8
113 silly decomposeActions preinstall @tensorflow/tfjs-core@0.12.8
114 silly decomposeActions build @tensorflow/tfjs-core@0.12.8
115 silly decomposeActions install @tensorflow/tfjs-core@0.12.8
116 silly decomposeActions postinstall @tensorflow/tfjs-core@0.12.8
117 silly decomposeActions finalize @tensorflow/tfjs-core@0.12.8
118 silly decomposeActions fetch bindings@1.3.0
119 silly decomposeActions extract bindings@1.3.0
120 silly decomposeActions test bindings@1.3.0
121 silly decomposeActions preinstall bindings@1.3.0
122 silly decomposeActions build bindings@1.3.0
123 silly decomposeActions install bindings@1.3.0
124 silly decomposeActions postinstall bindings@1.3.0
125 silly decomposeActions finalize bindings@1.3.0
126 silly decomposeActions fetch @tensorflow/tfjs@0.12.4
127 silly decomposeActions extract @tensorflow/tfjs@0.12.4
128 silly decomposeActions test @tensorflow/tfjs@0.12.4
129 silly decomposeActions preinstall @tensorflow/tfjs@0.12.4
130 silly decomposeActions build @tensorflow/tfjs@0.12.4
131 silly decomposeActions install @tensorflow/tfjs@0.12.4
132 silly decomposeActions postinstall @tensorflow/tfjs@0.12.4
133 silly decomposeActions finalize @tensorflow/tfjs@0.12.4
134 silly decomposeActions fetch @tensorflow/tfjs-node@0.1.9
135 silly decomposeActions extract @tensorflow/tfjs-node@0.1.9
136 silly decomposeActions test @tensorflow/tfjs-node@0.1.9
137 silly decomposeActions preinstall @tensorflow/tfjs-node@0.1.9
138 silly decomposeActions build @tensorflow/tfjs-node@0.1.9
139 silly decomposeActions install @tensorflow/tfjs-node@0.1.9
140 silly decomposeActions postinstall @tensorflow/tfjs-node@0.1.9
141 silly decomposeActions finalize @tensorflow/tfjs-node@0.1.9
142 silly executeActions Starting
143 silly install executeActions
144 silly doSerial global-install 0
145 silly doParallel fetch 4
146 verbose lock using /home/welcomebuddy/.npm/_locks/staging-8df330324ddfe718.lock for /home/welcomebuddy/Documents/projects/morganstanley/jsbot/node_modules/.staging
147 silly doParallel extract 4
148 silly extract @tensorflow/tfjs-core@0.12.8
149 silly extract bindings@1.3.0
150 silly extract @tensorflow/tfjs@0.12.4
151 silly extract @tensorflow/tfjs-node@0.1.9
152 verbose unbuild node_modules/.staging/@tensorflow/tfjs-b2fefa86
153 verbose unbuild node_modules/.staging/@tensorflow/tfjs-core-98585d10
154 verbose unbuild node_modules/.staging/bindings-f9b9bd19
155 verbose unbuild node_modules/.staging/@tensorflow/tfjs-node-dc25d36a
156 silly gentlyRm /home/welcomebuddy/Documents/projects/morganstanley/jsbot/node_modules/.staging/@tensorflow/tfjs-b2fefa86 is being purged from base /home/welcomebuddy/Documents/projects/morganstanley/jsbot
157 verbose gentlyRm don't care about contents; nuking /home/welcomebuddy/Documents/projects/morganstanley/jsbot/node_modules/.staging/@tensorflow/tfjs-b2fefa86
158 silly gentlyRm /home/welcomebuddy/Documents/projects/morganstanley/jsbot/node_modules/.staging/@tensorflow/tfjs-core-98585d10 is being purged from base /home/welcomebuddy/Documents/projects/morganstanley/jsbot
159 verbose gentlyRm don't care about contents; nuking /home/welcomebuddy/Documents/projects/morganstanley/jsbot/node_modules/.staging/@tensorflow/tfjs-core-98585d10
160 silly gentlyRm /home/welcomebuddy/Documents/projects/morganstanley/jsbot/node_modules/.staging/bindings-f9b9bd19 is being purged from base /home/welcomebuddy/Documents/projects/morganstanley/jsbot
161 verbose gentlyRm don't care about contents; nuking /home/welcomebuddy/Documents/projects/morganstanley/jsbot/node_modules/.staging/bindings-f9b9bd19
162 silly gentlyRm /home/welcomebuddy/Documents/projects/morganstanley/jsbot/node_modules/.staging/@tensorflow/tfjs-node-dc25d36a is being purged from base /home/welcomebuddy/Documents/projects/morganstanley/jsbot
163 verbose gentlyRm don't care about contents; nuking /home/welcomebuddy/Documents/projects/morganstanley/jsbot/node_modules/.staging/@tensorflow/tfjs-node-dc25d36a
164 verbose tar unpack /home/welcomebuddy/.npm/@tensorflow/tfjs/0.12.4/package.tgz
165 verbose tar unpacking to /home/welcomebuddy/Documents/projects/morganstanley/jsbot/node_modules/.staging/@tensorflow/tfjs-b2fefa86
166 silly gentlyRm /home/welcomebuddy/Documents/projects/morganstanley/jsbot/node_modules/.staging/@tensorflow/tfjs-b2fefa86 is being purged
167 verbose gentlyRm don't care about contents; nuking /home/welcomebuddy/Documents/projects/morganstanley/jsbot/node_modules/.staging/@tensorflow/tfjs-b2fefa86
168 verbose tar unpack /home/welcomebuddy/.npm/@tensorflow/tfjs-core/0.12.8/package.tgz
169 verbose tar unpacking to /home/welcomebuddy/Documents/projects/morganstanley/jsbot/node_modules/.staging/@tensorflow/tfjs-core-98585d10
170 silly gentlyRm /home/welcomebuddy/Documents/projects/morganstanley/jsbot/node_modules/.staging/@tensorflow/tfjs-core-98585d10 is being purged
171 verbose gentlyRm don't care about contents; nuking /home/welcomebuddy/Documents/projects/morganstanley/jsbot/node_modules/.staging/@tensorflow/tfjs-core-98585d10
172 verbose tar unpack /home/welcomebuddy/.npm/bindings/1.3.0/package.tgz
173 verbose tar unpacking to /home/welcomebuddy/Documents/projects/morganstanley/jsbot/node_modules/.staging/bindings-f9b9bd19
174 silly gentlyRm /home/welcomebuddy/Documents/projects/morganstanley/jsbot/node_modules/.staging/bindings-f9b9bd19 is being purged
175 verbose gentlyRm don't care about contents; nuking /home/welcomebuddy/Documents/projects/morganstanley/jsbot/node_modules/.staging/bindings-f9b9bd19
176 verbose tar unpack /home/welcomebuddy/.npm/@tensorflow/tfjs-node/0.1.9/package.tgz
177 verbose tar unpacking to /home/welcomebuddy/Documents/projects/morganstanley/jsbot/node_modules/.staging/@tensorflow/tfjs-node-dc25d36a
178 silly gentlyRm /home/welcomebuddy/Documents/projects/morganstanley/jsbot/node_modules/.staging/@tensorflow/tfjs-node-dc25d36a is being purged
179 verbose gentlyRm don't care about contents; nuking /home/welcomebuddy/Documents/projects/morganstanley/jsbot/node_modules/.staging/@tensorflow/tfjs-node-dc25d36a
180 silly gunzTarPerm modes [ '755', '644' ]
181 silly gunzTarPerm modes [ '755', '644' ]
182 silly gunzTarPerm modes [ '755', '644' ]
183 silly gunzTarPerm modes [ '755', '644' ]
184 silly gunzTarPerm extractEntry package.json
185 silly gunzTarPerm extractEntry package.json
186 silly gunzTarPerm extractEntry package.json
187 silly gunzTarPerm extractEntry package.json
188 silly gunzTarPerm modified mode [ 'package.json', 416, 420 ]
189 silly gunzTarPerm extractEntry GALLERY.md
190 silly gunzTarPerm extractEntry LICENSE
191 silly gunzTarPerm extractEntry LICENSE
192 silly gunzTarPerm extractEntry README.md
193 silly gunzTarPerm extractEntry .nycrc
194 silly gunzTarPerm modified mode [ '.nycrc', 416, 420 ]
195 silly gunzTarPerm extractEntry binding.gyp
196 silly gunzTarPerm modified mode [ 'binding.gyp', 416, 420 ]
197 silly gunzTarPerm extractEntry README.md
198 silly gunzTarPerm extractEntry bindings.js
199 silly gunzTarPerm extractEntry README.md
200 silly gunzTarPerm extractEntry dist/browser_util_test.d.ts
201 silly gunzTarPerm extractEntry LICENSE
202 silly gunzTarPerm modified mode [ 'LICENSE', 416, 420 ]
203 silly gunzTarPerm extractEntry README.md
204 silly gunzTarPerm modified mode [ 'README.md', 416, 420 ]
205 silly gunzTarPerm extractEntry yalc.lock
206 silly gunzTarPerm extractEntry dist-es6/index_test.d.ts
207 silly gunzTarPerm extractEntry tsconfig.json
208 silly gunzTarPerm modified mode [ 'tsconfig.json', 416, 420 ]
209 silly gunzTarPerm extractEntry binding/tf_auto_status.h
210 silly gunzTarPerm modified mode [ 'binding/tf_auto_status.h', 416, 420 ]
211 silly gunzTarPerm extractEntry dist/browser_util_test.js
212 silly gunzTarPerm extractEntry dist/browser_util_test.js.map
213 silly gunzTarPerm extractEntry dist-es6/index_test.js
214 silly gunzTarPerm extractEntry dist-es6/index_test.js.map
215 silly gunzTarPerm extractEntry dist/browser_util.d.ts
216 silly gunzTarPerm extractEntry dist/browser_util.js
217 silly gunzTarPerm extractEntry binding/tf_auto_tensor.h
218 silly gunzTarPerm modified mode [ 'binding/tf_auto_tensor.h', 416, 420 ]
219 silly gunzTarPerm extractEntry binding/tfe_auto_op.h
220 silly gunzTarPerm modified mode [ 'binding/tfe_auto_op.h', 416, 420 ]
221 silly gunzTarPerm extractEntry dist-es6/index.d.ts
222 silly gunzTarPerm extractEntry dist-es6/index.js
223 silly gunzTarPerm extractEntry binding/tfe_utils.cc
224 silly gunzTarPerm modified mode [ 'binding/tfe_utils.cc', 416, 420 ]
225 silly gunzTarPerm extractEntry binding/tfe_utils.h
226 silly gunzTarPerm modified mode [ 'binding/tfe_utils.h', 416, 420 ]
227 silly gunzTarPerm extractEntry dist/browser_util.js.map
228 silly gunzTarPerm extractEntry dist/debug_mode_test.d.ts
229 silly gentlyRm /home/welcomebuddy/Documents/projects/morganstanley/jsbot/node_modules/.staging/bindings-f9b9bd19/node_modules is being purged
230 verbose gentlyRm don't care about contents; nuking /home/welcomebuddy/Documents/projects/morganstanley/jsbot/node_modules/.staging/bindings-f9b9bd19/node_modules
231 silly gunzTarPerm extractEntry dist-es6/index.js.map
232 silly gunzTarPerm extractEntry dist-es6/version.d.ts
233 silly gunzTarPerm extractEntry binding/tfjs_backend.cc
234 silly gunzTarPerm modified mode [ 'binding/tfjs_backend.cc', 416, 420 ]
235 silly gunzTarPerm extractEntry binding/tfjs_backend.h
236 silly gunzTarPerm modified mode [ 'binding/tfjs_backend.h', 416, 420 ]
237 silly gunzTarPerm extractEntry dist/debug_mode_test.js
238 silly gunzTarPerm extractEntry dist/debug_mode_test.js.map
239 silly gunzTarPerm extractEntry dist-es6/version.js
240 silly gunzTarPerm extractEntry dist-es6/version.js.map
241 silly gunzTarPerm extractEntry binding/tfjs_binding.cc
242 silly gunzTarPerm modified mode [ 'binding/tfjs_binding.cc', 416, 420 ]
243 silly gunzTarPerm extractEntry binding/utils.h
244 silly gunzTarPerm modified mode [ 'binding/utils.h', 416, 420 ]
245 silly gunzTarPerm extractEntry dist/device_util.d.ts
246 silly gunzTarPerm extractEntry dist/device_util.js
247 silly gunzTarPerm extractEntry dist/device_util.js.map
248 silly gunzTarPerm extractEntry dist/engine_test.d.ts
249 silly gunzTarPerm extractEntry dist/index_test.js.map
250 silly gunzTarPerm extractEntry dist/index.d.ts
251 silly gunzTarPerm extractEntry dist/canvas_test.d.ts
252 silly gunzTarPerm modified mode [ 'dist/canvas_test.d.ts', 416, 420 ]
253 silly gunzTarPerm extractEntry dist/canvas_test.js
254 silly gunzTarPerm modified mode [ 'dist/canvas_test.js', 416, 420 ]
255 silly gunzTarPerm extractEntry dist/engine_test.js
256 silly gunzTarPerm extractEntry dist/engine_test.js.map
257 silly gunzTarPerm extractEntry dist/index.js
258 silly gunzTarPerm extractEntry dist/index.js.map
259 silly gunzTarPerm extractEntry dist/canvas_test.js.map
260 silly gunzTarPerm modified mode [ 'dist/canvas_test.js.map', 416, 420 ]
261 silly gunzTarPerm extractEntry dist/index.d.ts
262 silly gunzTarPerm modified mode [ 'dist/index.d.ts', 416, 420 ]
263 silly gunzTarPerm extractEntry dist/engine.d.ts
264 silly gunzTarPerm extractEntry dist/engine.js
265 silly gunzTarPerm extractEntry dist/tf.esm.js
266 silly gunzTarPerm extractEntry dist/tf.esm.js.map
267 silly gunzTarPerm extractEntry dist/index.js
268 silly gunzTarPerm modified mode [ 'dist/index.js', 416, 420 ]
269 silly gunzTarPerm extractEntry dist/index.js.map
270 silly gunzTarPerm modified mode [ 'dist/index.js.map', 416, 420 ]
271 silly gunzTarPerm extractEntry dist/engine.js.map
272 silly gunzTarPerm extractEntry dist/environment_test.d.ts
273 silly gunzTarPerm extractEntry dist/tf.js
274 silly gunzTarPerm extractEntry dist/io/file_system_test.d.ts
275 silly gunzTarPerm modified mode [ 'dist/io/file_system_test.d.ts', 416, 420 ]
276 silly gunzTarPerm extractEntry dist/io/file_system_test.js
277 silly gunzTarPerm modified mode [ 'dist/io/file_system_test.js', 416, 420 ]
278 silly gunzTarPerm extractEntry dist/environment_test.js
279 silly gunzTarPerm extractEntry dist/environment_test.js.map
280 silly gunzTarPerm extractEntry dist/io/file_system_test.js.map
281 silly gunzTarPerm modified mode [ 'dist/io/file_system_test.js.map', 416, 420 ]
282 silly gunzTarPerm extractEntry dist/io/file_system.d.ts
283 silly gunzTarPerm modified mode [ 'dist/io/file_system.d.ts', 416, 420 ]
284 silly gunzTarPerm extractEntry dist/environment_util.d.ts
285 silly gunzTarPerm extractEntry dist/environment_util.js
286 silly gunzTarPerm extractEntry dist/io/file_system.js
287 silly gunzTarPerm modified mode [ 'dist/io/file_system.js', 416, 420 ]
288 silly gunzTarPerm extractEntry dist/io/file_system.js.map
289 silly gunzTarPerm modified mode [ 'dist/io/file_system.js.map', 416, 420 ]
290 silly gunzTarPerm extractEntry dist/environment_util.js.map
291 silly gunzTarPerm extractEntry dist/environment.d.ts
292 silly gunzTarPerm extractEntry dist/io/io_utils_test.d.ts
293 silly gunzTarPerm modified mode [ 'dist/io/io_utils_test.d.ts', 416, 420 ]
294 silly gunzTarPerm extractEntry dist/io/io_utils_test.js
295 silly gunzTarPerm modified mode [ 'dist/io/io_utils_test.js', 416, 420 ]
296 silly gunzTarPerm extractEntry dist/environment.js
297 silly gunzTarPerm extractEntry dist/environment.js.map
298 silly gunzTarPerm extractEntry dist/io/io_utils_test.js.map
299 silly gunzTarPerm modified mode [ 'dist/io/io_utils_test.js.map', 416, 420 ]
300 silly gunzTarPerm extractEntry dist/io/io_utils.d.ts
301 silly gunzTarPerm modified mode [ 'dist/io/io_utils.d.ts', 416, 420 ]
302 silly gunzTarPerm extractEntry dist/globals.d.ts
303 silly gunzTarPerm extractEntry dist/globals.js
304 silly gunzTarPerm extractEntry dist/io/io_utils.js
305 silly gunzTarPerm modified mode [ 'dist/io/io_utils.js', 416, 420 ]
306 silly gunzTarPerm extractEntry dist/io/io_utils.js.map
307 silly gunzTarPerm modified mode [ 'dist/io/io_utils.js.map', 416, 420 ]
308 silly gunzTarPerm extractEntry dist/globals.js.map
309 silly gunzTarPerm extractEntry dist/gradients.d.ts
310 silly gunzTarPerm extractEntry dist/nodejs_kernel_backend_test.d.ts
311 silly gunzTarPerm modified mode [ 'dist/nodejs_kernel_backend_test.d.ts', 416, 420 ]
312 silly gunzTarPerm extractEntry dist/nodejs_kernel_backend_test.js
313 silly gunzTarPerm modified mode [ 'dist/nodejs_kernel_backend_test.js', 416, 420 ]
314 silly gunzTarPerm extractEntry dist/gradients.js
315 silly gunzTarPerm extractEntry dist/gradients.js.map
316 silly gunzTarPerm extractEntry dist/tf.js.map
317 silly gunzTarPerm extractEntry dist/nodejs_kernel_backend_test.js.map
318 silly gunzTarPerm modified mode [ 'dist/nodejs_kernel_backend_test.js.map', 416, 420 ]
319 silly gunzTarPerm extractEntry dist/nodejs_kernel_backend.d.ts
320 silly gunzTarPerm modified mode [ 'dist/nodejs_kernel_backend.d.ts', 416, 420 ]
321 silly gunzTarPerm extractEntry dist/index.d.ts
322 silly gunzTarPerm extractEntry dist/index.js
323 silly gunzTarPerm extractEntry dist/nodejs_kernel_backend.js
324 silly gunzTarPerm modified mode [ 'dist/nodejs_kernel_backend.js', 416, 420 ]
325 silly gunzTarPerm extractEntry dist/nodejs_kernel_backend.js.map
326 silly gunzTarPerm modified mode [ 'dist/nodejs_kernel_backend.js.map', 416, 420 ]
327 silly gunzTarPerm extractEntry dist/index.js.map
328 silly gunzTarPerm extractEntry dist/io/browser_files_test.d.ts
329 silly gunzTarPerm extractEntry dist/run_tests.d.ts
330 silly gunzTarPerm modified mode [ 'dist/run_tests.d.ts', 416, 420 ]
331 silly gunzTarPerm extractEntry dist/run_tests.js
332 silly gunzTarPerm modified mode [ 'dist/run_tests.js', 416, 420 ]
333 silly gunzTarPerm extractEntry dist/io/browser_files_test.js
334 silly gunzTarPerm extractEntry dist/io/browser_files_test.js.map
335 silly gunzTarPerm extractEntry dist/run_tests.js.map
336 silly gunzTarPerm modified mode [ 'dist/run_tests.js.map', 416, 420 ]
337 silly gunzTarPerm extractEntry dist/tfjs_binding_test.d.ts
338 silly gunzTarPerm modified mode [ 'dist/tfjs_binding_test.d.ts', 416, 420 ]
339 silly gunzTarPerm extractEntry dist/io/browser_files.d.ts
340 silly gunzTarPerm extractEntry dist/io/browser_files.js
341 silly gunzTarPerm extractEntry dist/tfjs_binding_test.js
342 silly gunzTarPerm modified mode [ 'dist/tfjs_binding_test.js', 416, 420 ]
343 silly gunzTarPerm extractEntry dist/tfjs_binding_test.js.map
344 silly gunzTarPerm modified mode [ 'dist/tfjs_binding_test.js.map', 416, 420 ]
345 silly gunzTarPerm extractEntry dist/io/browser_files.js.map
346 silly gunzTarPerm extractEntry dist/version.d.ts
347 silly gunzTarPerm modified mode [ 'dist/version.d.ts', 416, 420 ]
348 silly gunzTarPerm extractEntry dist/version.js
349 silly gunzTarPerm modified mode [ 'dist/version.js', 416, 420 ]
350 silly gunzTarPerm extractEntry dist/io/browser_http_test.d.ts
351 silly gunzTarPerm extractEntry dist/io/browser_http_test.js
352 silly gunzTarPerm extractEntry dist/version.js.map
353 silly gunzTarPerm modified mode [ 'dist/version.js.map', 416, 420 ]
354 silly gunzTarPerm extractEntry scripts/download-libtensorflow.sh
355 silly gunzTarPerm modified mode [ 'scripts/download-libtensorflow.sh', 488, 492 ]
356 silly gunzTarPerm extractEntry dist/io/browser_http_test.js.map
357 silly gunzTarPerm extractEntry dist/io/browser_http.d.ts
358 silly gunzTarPerm extractEntry dist/io/browser_http.js
359 silly gunzTarPerm extractEntry dist/io/browser_http.js.map
360 silly gunzTarPerm extractEntry dist/io/indexed_db_test.d.ts
361 silly gunzTarPerm extractEntry dist/io/indexed_db_test.js
362 silly gunzTarPerm extractEntry dist/io/indexed_db_test.js.map
363 silly gunzTarPerm extractEntry dist/io/indexed_db.d.ts
364 silly gunzTarPerm extractEntry dist/io/indexed_db.js
365 silly gunzTarPerm extractEntry dist/io/indexed_db.js.map
366 silly gunzTarPerm extractEntry dist/io/io_utils_test.d.ts
367 silly gunzTarPerm extractEntry dist/io/io_utils_test.js
368 silly gunzTarPerm extractEntry dist/io/io_utils_test.js.map
369 silly gunzTarPerm extractEntry dist/io/io_utils.d.ts
370 silly gunzTarPerm extractEntry dist/io/io_utils.js
371 silly gunzTarPerm extractEntry dist/io/io_utils.js.map
372 silly gunzTarPerm extractEntry dist/io/io.d.ts
373 silly gunzTarPerm extractEntry dist/io/io.js
374 silly gunzTarPerm extractEntry dist/io/io.js.map
375 silly gunzTarPerm extractEntry dist/io/local_storage_test.d.ts
376 silly gunzTarPerm extractEntry dist/io/local_storage_test.js
377 silly gunzTarPerm extractEntry dist/io/local_storage_test.js.map
378 silly gunzTarPerm extractEntry dist/io/local_storage.d.ts
379 silly gunzTarPerm extractEntry dist/io/local_storage.js
380 silly gunzTarPerm extractEntry dist/io/local_storage.js.map
381 silly gunzTarPerm extractEntry dist/io/model_management_test.d.ts
382 silly gunzTarPerm extractEntry dist/io/model_management_test.js
383 silly gunzTarPerm extractEntry dist/io/model_management_test.js.map
384 silly gunzTarPerm extractEntry dist/io/model_management.d.ts
385 silly gunzTarPerm extractEntry dist/io/model_management.js
386 silly gunzTarPerm extractEntry dist/io/model_management.js.map
387 silly gunzTarPerm extractEntry dist/io/passthrough_test.d.ts
388 silly gunzTarPerm extractEntry dist/io/passthrough_test.js
389 silly gunzTarPerm extractEntry dist/io/passthrough_test.js.map
390 silly gunzTarPerm extractEntry dist/io/passthrough.d.ts
391 silly gunzTarPerm extractEntry dist/io/passthrough.js
392 silly gunzTarPerm extractEntry dist/tf.min.js
393 silly gunzTarPerm extractEntry dist/io/passthrough.js.map
394 silly gunzTarPerm extractEntry dist/io/router_registry_test.d.ts
395 silly gunzTarPerm extractEntry dist/io/router_registry_test.js
396 silly gunzTarPerm extractEntry dist/io/router_registry_test.js.map
397 silly gunzTarPerm extractEntry dist/io/router_registry.d.ts
398 silly gunzTarPerm extractEntry dist/io/router_registry.js
399 silly gunzTarPerm extractEntry dist/io/router_registry.js.map
400 silly gunzTarPerm extractEntry dist/io/types.d.ts
401 silly gunzTarPerm extractEntry dist/io/types.js
402 silly gunzTarPerm extractEntry dist/io/types.js.map
403 silly gunzTarPerm extractEntry dist/io/weights_loader_test.d.ts
404 silly gunzTarPerm extractEntry dist/io/weights_loader_test.js
405 silly gunzTarPerm extractEntry dist/io/weights_loader_test.js.map
406 silly gunzTarPerm extractEntry dist/io/weights_loader.d.ts
407 silly gunzTarPerm extractEntry dist/io/weights_loader.js
408 silly gunzTarPerm extractEntry dist/io/weights_loader.js.map
409 silly gunzTarPerm extractEntry dist/jasmine_util_test.d.ts
410 silly gunzTarPerm extractEntry dist/jasmine_util_test.js
411 silly gunzTarPerm extractEntry dist/jasmine_util_test.js.map
412 silly gunzTarPerm extractEntry dist/jasmine_util.d.ts
413 silly gunzTarPerm extractEntry dist/jasmine_util.js
414 silly gunzTarPerm extractEntry dist/jasmine_util.js.map
415 silly gunzTarPerm extractEntry dist/tf.min.js.map
416 silly gunzTarPerm extractEntry dist/kernels/backend_cpu.d.ts
417 silly gunzTarPerm extractEntry dist/kernels/backend_cpu.js
418 silly gunzTarPerm extractEntry dist/kernels/backend_cpu.js.map
419 silly gunzTarPerm extractEntry dist/kernels/backend_util.d.ts
420 silly gentlyRm /home/welcomebuddy/Documents/projects/morganstanley/jsbot/node_modules/.staging/@tensorflow/tfjs-node-dc25d36a/node_modules is being purged
421 verbose gentlyRm don't care about contents; nuking /home/welcomebuddy/Documents/projects/morganstanley/jsbot/node_modules/.staging/@tensorflow/tfjs-node-dc25d36a/node_modules
422 silly gunzTarPerm extractEntry dist/kernels/backend_util.js
423 silly gunzTarPerm extractEntry dist/kernels/backend_util.js.map
424 silly gunzTarPerm extractEntry dist/kernels/backend_webgl_test.d.ts
425 silly gunzTarPerm extractEntry dist/kernels/backend_webgl_test.js
426 silly gunzTarPerm extractEntry dist/kernels/backend_webgl_test.js.map
427 silly gunzTarPerm extractEntry dist/kernels/backend_webgl.d.ts
428 silly gunzTarPerm extractEntry dist/kernels/backend_webgl.js
429 silly gunzTarPerm extractEntry dist/kernels/backend_webgl.js.map
430 silly gunzTarPerm extractEntry dist/kernels/backend.d.ts
431 silly gunzTarPerm extractEntry dist/kernels/backend.js
432 silly gunzTarPerm extractEntry dist/kernels/backend.js.map
433 silly gunzTarPerm extractEntry dist/kernels/non_max_suppression_impl.d.ts
434 silly gunzTarPerm extractEntry dist/kernels/non_max_suppression_impl.js
435 silly gunzTarPerm extractEntry dist/kernels/non_max_suppression_impl.js.map
436 silly gunzTarPerm extractEntry dist/kernels/topk_impl.d.ts
437 silly gunzTarPerm extractEntry dist/kernels/topk_impl.js
438 silly gunzTarPerm extractEntry dist/kernels/topk_impl.js.map
439 silly gunzTarPerm extractEntry dist/kernels/webgl/argminmax_gpu.d.ts
440 silly gunzTarPerm extractEntry dist/kernels/webgl/argminmax_gpu.js
441 silly gunzTarPerm extractEntry dist/kernels/webgl/argminmax_gpu.js.map
442 silly gunzTarPerm extractEntry dist/kernels/webgl/avg_pool_backprop_gpu.d.ts
443 silly gunzTarPerm extractEntry dist/kernels/webgl/avg_pool_backprop_gpu.js
444 silly gunzTarPerm extractEntry dist/kernels/webgl/avg_pool_backprop_gpu.js.map
445 silly gunzTarPerm extractEntry dist/kernels/webgl/batchnorm_gpu.d.ts
446 silly gunzTarPerm extractEntry dist/kernels/webgl/batchnorm_gpu.js
447 silly gunzTarPerm extractEntry dist/kernels/webgl/batchnorm_gpu.js.map
448 silly gunzTarPerm extractEntry dist/kernels/webgl/binaryop_gpu.d.ts
449 silly gunzTarPerm extractEntry dist/kernels/webgl/binaryop_gpu.js
450 silly gunzTarPerm extractEntry dist/kernels/webgl/binaryop_gpu.js.map
451 silly gunzTarPerm extractEntry dist/kernels/webgl/clip_gpu.d.ts
452 silly gunzTarPerm extractEntry dist/kernels/webgl/clip_gpu.js
453 silly gunzTarPerm extractEntry dist/kernels/webgl/clip_gpu.js.map
454 silly gunzTarPerm extractEntry dist/kernels/webgl/concat_gpu.d.ts
455 silly gunzTarPerm extractEntry dist/kernels/webgl/concat_gpu.js
456 silly gunzTarPerm extractEntry dist/version.d.ts
457 silly gunzTarPerm extractEntry dist/version.js
458 silly gunzTarPerm extractEntry dist/version.js.map
459 silly gunzTarPerm extractEntry dist/kernels/webgl/concat_gpu.js.map
460 silly gunzTarPerm extractEntry dist/kernels/webgl/conv_backprop_gpu_depthwise.d.ts
461 silly gunzTarPerm extractEntry dist/kernels/webgl/conv_backprop_gpu_depthwise.js
462 silly gunzTarPerm extractEntry dist/kernels/webgl/conv_backprop_gpu_depthwise.js.map
463 silly gunzTarPerm extractEntry dist/kernels/webgl/conv_backprop_gpu.d.ts
464 silly gunzTarPerm extractEntry dist/kernels/webgl/conv_backprop_gpu.js
465 silly gunzTarPerm extractEntry dist/kernels/webgl/conv_backprop_gpu.js.map
466 silly gunzTarPerm extractEntry dist/kernels/webgl/conv_gpu_depthwise.d.ts
467 silly gunzTarPerm extractEntry dist/kernels/webgl/conv_gpu_depthwise.js
468 silly gunzTarPerm extractEntry dist/kernels/webgl/conv_gpu_depthwise.js.map
469 silly gunzTarPerm extractEntry dist/kernels/webgl/conv_gpu.d.ts
470 silly gunzTarPerm extractEntry dist/kernels/webgl/conv_gpu.js
471 silly gunzTarPerm extractEntry dist/kernels/webgl/conv_gpu.js.map
472 silly gunzTarPerm extractEntry dist/kernels/webgl/cumsum_gpu.d.ts
473 silly gunzTarPerm extractEntry dist/kernels/webgl/cumsum_gpu.js
474 silly gunzTarPerm extractEntry dist/kernels/webgl/cumsum_gpu.js.map
475 silly gunzTarPerm extractEntry dist/kernels/webgl/encode_float_gpu.d.ts
476 silly gunzTarPerm extractEntry dist/kernels/webgl/encode_float_gpu.js
477 silly gunzTarPerm extractEntry dist/kernels/webgl/encode_float_gpu.js.map
478 silly gunzTarPerm extractEntry dist/kernels/webgl/from_pixels_gpu.d.ts
479 silly gunzTarPerm extractEntry dist/kernels/webgl/from_pixels_gpu.js
480 silly gunzTarPerm extractEntry dist/kernels/webgl/from_pixels_gpu.js.map
481 silly gunzTarPerm extractEntry dist/kernels/webgl/gather_gpu.d.ts
482 silly gunzTarPerm extractEntry dist/kernels/webgl/gather_gpu.js
483 silly gunzTarPerm extractEntry dist/kernels/webgl/gather_gpu.js.map
484 silly gunzTarPerm extractEntry dist/kernels/webgl/gpgpu_context_test.d.ts
485 silly gunzTarPerm extractEntry dist/kernels/webgl/gpgpu_context_test.js
486 silly gunzTarPerm extractEntry dist/kernels/webgl/gpgpu_context_test.js.map
487 silly gunzTarPerm extractEntry dist/kernels/webgl/gpgpu_context.d.ts
488 silly gunzTarPerm extractEntry dist/kernels/webgl/gpgpu_context.js
489 silly gunzTarPerm extractEntry dist/kernels/webgl/gpgpu_context.js.map
490 silly gunzTarPerm extractEntry dist/kernels/webgl/gpgpu_math.d.ts
491 silly gunzTarPerm extractEntry dist/kernels/webgl/gpgpu_math.js
492 silly gunzTarPerm extractEntry dist/kernels/webgl/gpgpu_math.js.map
493 silly gunzTarPerm extractEntry dist/kernels/webgl/gpgpu_util_test.d.ts
494 silly gunzTarPerm extractEntry dist/kernels/webgl/gpgpu_util_test.js
495 silly gunzTarPerm extractEntry dist/kernels/webgl/gpgpu_util_test.js.map
496 silly gunzTarPerm extractEntry dist/kernels/webgl/gpgpu_util.d.ts
497 silly gunzTarPerm extractEntry dist/kernels/webgl/gpgpu_util.js
498 silly gunzTarPerm extractEntry dist/kernels/webgl/gpgpu_util.js.map
499 silly gunzTarPerm extractEntry dist/kernels/webgl/lrn_gpu.d.ts
500 silly gunzTarPerm extractEntry dist/kernels/webgl/lrn_gpu.js
501 silly gunzTarPerm extractEntry dist/kernels/webgl/lrn_gpu.js.map
502 silly gunzTarPerm extractEntry dist/kernels/webgl/lrn_grad_gpu.d.ts
503 silly gunzTarPerm extractEntry dist/kernels/webgl/lrn_grad_gpu.js
504 silly gunzTarPerm extractEntry dist/kernels/webgl/lrn_grad_gpu.js.map
505 silly gunzTarPerm extractEntry dist/kernels/webgl/max_pool_backprop_gpu.d.ts
506 silly gunzTarPerm extractEntry dist/kernels/webgl/max_pool_backprop_gpu.js
507 silly gunzTarPerm extractEntry dist/kernels/webgl/max_pool_backprop_gpu.js.map
508 silly gunzTarPerm extractEntry dist/kernels/webgl/mulmat_gpu.d.ts
509 silly gunzTarPerm extractEntry dist/kernels/webgl/mulmat_gpu.js
510 silly gunzTarPerm extractEntry dist/kernels/webgl/mulmat_gpu.js.map
511 silly gunzTarPerm extractEntry dist/kernels/webgl/mulmat_packed_gpu_test.d.ts
512 silly gunzTarPerm extractEntry dist/kernels/webgl/mulmat_packed_gpu_test.js
513 silly gunzTarPerm extractEntry dist/kernels/webgl/mulmat_packed_gpu_test.js.map
514 silly gunzTarPerm extractEntry dist/kernels/webgl/mulmat_packed_gpu.d.ts
515 silly gunzTarPerm extractEntry dist/kernels/webgl/mulmat_packed_gpu.js
516 silly gunzTarPerm extractEntry dist/kernels/webgl/mulmat_packed_gpu.js.map
517 silly gunzTarPerm extractEntry dist/kernels/webgl/multinomial_gpu.d.ts
518 silly gunzTarPerm extractEntry dist/kernels/webgl/multinomial_gpu.js
519 silly gunzTarPerm extractEntry dist/kernels/webgl/multinomial_gpu.js.map
520 silly gunzTarPerm extractEntry dist/kernels/webgl/onehot_gpu.d.ts
521 silly gunzTarPerm extractEntry dist/kernels/webgl/onehot_gpu.js
522 silly gunzTarPerm extractEntry dist/kernels/webgl/onehot_gpu.js.map
523 silly gunzTarPerm extractEntry dist/kernels/webgl/pad_gpu.d.ts
524 silly gunzTarPerm extractEntry dist/kernels/webgl/pad_gpu.js
525 silly gunzTarPerm extractEntry dist/kernels/webgl/pad_gpu.js.map
526 silly gunzTarPerm extractEntry dist/kernels/webgl/pool_gpu.d.ts
527 silly gunzTarPerm extractEntry dist/kernels/webgl/pool_gpu.js
528 silly gunzTarPerm extractEntry dist/kernels/webgl/pool_gpu.js.map
529 silly gunzTarPerm extractEntry dist/kernels/webgl/reduce_gpu.d.ts
530 silly gunzTarPerm extractEntry dist/kernels/webgl/reduce_gpu.js
531 silly gunzTarPerm extractEntry dist/kernels/webgl/reduce_gpu.js.map
532 silly gunzTarPerm extractEntry dist/kernels/webgl/resize_bilinear_backprop_gpu.d.ts
533 silly gunzTarPerm extractEntry dist/kernels/webgl/resize_bilinear_backprop_gpu.js
534 silly gunzTarPerm extractEntry dist/kernels/webgl/resize_bilinear_backprop_gpu.js.map
535 silly gunzTarPerm extractEntry dist/kernels/webgl/resize_bilinear_gpu.d.ts
536 silly gunzTarPerm extractEntry dist/kernels/webgl/resize_bilinear_gpu.js
537 silly gentlyRm /home/welcomebuddy/Documents/projects/morganstanley/jsbot/node_modules/.staging/@tensorflow/tfjs-b2fefa86/node_modules is being purged
538 verbose gentlyRm don't care about contents; nuking /home/welcomebuddy/Documents/projects/morganstanley/jsbot/node_modules/.staging/@tensorflow/tfjs-b2fefa86/node_modules
539 silly gunzTarPerm extractEntry dist/kernels/webgl/resize_bilinear_gpu.js.map
540 silly gunzTarPerm extractEntry dist/kernels/webgl/resize_nearest_neighbor_backprop_gpu.d.ts
541 silly gunzTarPerm extractEntry dist/kernels/webgl/resize_nearest_neighbor_backprop_gpu.js
542 silly gunzTarPerm extractEntry dist/kernels/webgl/resize_nearest_neighbor_backprop_gpu.js.map
543 silly gunzTarPerm extractEntry dist/kernels/webgl/resize_nearest_neighbor_gpu.d.ts
544 silly gunzTarPerm extractEntry dist/kernels/webgl/resize_nearest_neighbor_gpu.js
545 silly gunzTarPerm extractEntry dist/kernels/webgl/resize_nearest_neighbor_gpu.js.map
546 silly gunzTarPerm extractEntry dist/kernels/webgl/reverse_gpu.d.ts
547 silly gunzTarPerm extractEntry dist/kernels/webgl/reverse_gpu.js
548 silly gunzTarPerm extractEntry dist/kernels/webgl/reverse_gpu.js.map
549 silly gunzTarPerm extractEntry dist/kernels/webgl/segment_gpu.d.ts
550 silly gunzTarPerm extractEntry dist/kernels/webgl/segment_gpu.js
551 silly gunzTarPerm extractEntry dist/kernels/webgl/segment_gpu.js.map
552 silly gunzTarPerm extractEntry dist/kernels/webgl/select_gpu.d.ts
553 silly gunzTarPerm extractEntry dist/kernels/webgl/select_gpu.js
554 silly gunzTarPerm extractEntry dist/kernels/webgl/select_gpu.js.map
555 silly gunzTarPerm extractEntry dist/kernels/webgl/shader_compiler.d.ts
556 silly gunzTarPerm extractEntry dist/kernels/webgl/shader_compiler.js
557 silly gunzTarPerm extractEntry dist/kernels/webgl/shader_compiler.js.map
558 silly gunzTarPerm extractEntry dist/kernels/webgl/slice_gpu.d.ts
559 silly gunzTarPerm extractEntry dist/kernels/webgl/slice_gpu.js
560 silly gunzTarPerm extractEntry dist/kernels/webgl/slice_gpu.js.map
561 silly gunzTarPerm extractEntry dist/kernels/webgl/strided_slice_gpu.d.ts
562 silly gunzTarPerm extractEntry dist/kernels/webgl/strided_slice_gpu.js
563 silly gunzTarPerm extractEntry dist/kernels/webgl/strided_slice_gpu.js.map
564 silly gunzTarPerm extractEntry dist/kernels/webgl/tex_util_test.d.ts
565 silly gunzTarPerm extractEntry dist/kernels/webgl/tex_util_test.js
566 silly gunzTarPerm extractEntry dist/kernels/webgl/tex_util_test.js.map
567 silly gunzTarPerm extractEntry dist/kernels/webgl/tex_util.d.ts
568 silly gunzTarPerm extractEntry dist/kernels/webgl/tex_util.js
569 silly gunzTarPerm extractEntry dist/kernels/webgl/tex_util.js.map
570 silly gunzTarPerm extractEntry dist/kernels/webgl/texture_manager.d.ts
571 silly gunzTarPerm extractEntry dist/kernels/webgl/texture_manager.js
572 silly gunzTarPerm extractEntry dist/kernels/webgl/texture_manager.js.map
573 silly gunzTarPerm extractEntry dist/kernels/webgl/tile_gpu.d.ts
574 silly gunzTarPerm extractEntry dist/kernels/webgl/tile_gpu.js
575 silly gunzTarPerm extractEntry dist/kernels/webgl/tile_gpu.js.map
576 silly gunzTarPerm extractEntry dist/kernels/webgl/transpose_gpu.d.ts
577 silly gunzTarPerm extractEntry dist/kernels/webgl/transpose_gpu.js
578 silly gunzTarPerm extractEntry dist/kernels/webgl/transpose_gpu.js.map
579 silly gunzTarPerm extractEntry dist/kernels/webgl/unaryop_gpu.d.ts
580 silly gunzTarPerm extractEntry dist/kernels/webgl/unaryop_gpu.js
581 silly gunzTarPerm extractEntry dist/kernels/webgl/unaryop_gpu.js.map
582 silly gunzTarPerm extractEntry dist/kernels/webgl/webgl_types.d.ts
583 silly gunzTarPerm extractEntry dist/kernels/webgl/webgl_types.js
584 silly gunzTarPerm extractEntry dist/kernels/webgl/webgl_types.js.map
585 silly gunzTarPerm extractEntry dist/kernels/webgl/webgl_util_test.d.ts
586 silly gunzTarPerm extractEntry dist/kernels/webgl/webgl_util_test.js
587 silly gunzTarPerm extractEntry dist/kernels/webgl/webgl_util_test.js.map
588 silly gunzTarPerm extractEntry dist/kernels/webgl/webgl_util.d.ts
589 silly gunzTarPerm extractEntry dist/kernels/webgl/webgl_util.js
590 silly gunzTarPerm extractEntry dist/kernels/webgl/webgl_util.js.map
591 silly gunzTarPerm extractEntry dist/kernels/where_impl.d.ts
592 silly gunzTarPerm extractEntry dist/kernels/where_impl.js
593 silly gunzTarPerm extractEntry dist/kernels/where_impl.js.map
594 silly gunzTarPerm extractEntry dist/log.d.ts
595 silly gunzTarPerm extractEntry dist/log.js
596 silly gunzTarPerm extractEntry dist/log.js.map
597 silly gunzTarPerm extractEntry dist/model_types.d.ts
598 silly gunzTarPerm extractEntry dist/model_types.js
599 silly gunzTarPerm extractEntry dist/model_types.js.map
600 silly gunzTarPerm extractEntry dist/ops/arithmetic_test.d.ts
601 silly gunzTarPerm extractEntry dist/ops/arithmetic_test.js
602 silly gunzTarPerm extractEntry dist/ops/arithmetic_test.js.map
603 silly gunzTarPerm extractEntry dist/ops/array_ops_test.d.ts
604 silly gunzTarPerm extractEntry dist/ops/array_ops_test.js
605 silly gunzTarPerm extractEntry dist/ops/array_ops_test.js.map
606 silly gunzTarPerm extractEntry dist/ops/array_ops_util.d.ts
607 silly gunzTarPerm extractEntry dist/ops/array_ops_util.js
608 silly gunzTarPerm extractEntry dist/ops/array_ops_util.js.map
609 silly gunzTarPerm extractEntry dist/ops/array_ops.d.ts
610 silly gunzTarPerm extractEntry dist/ops/array_ops.js
611 silly gunzTarPerm extractEntry dist/ops/array_ops.js.map
612 silly gunzTarPerm extractEntry dist/ops/axis_util_test.d.ts
613 silly gunzTarPerm extractEntry dist/ops/axis_util_test.js
614 silly gunzTarPerm extractEntry dist/ops/axis_util_test.js.map
615 silly gunzTarPerm extractEntry dist/ops/axis_util.d.ts
616 silly gunzTarPerm extractEntry dist/ops/axis_util.js
617 silly gunzTarPerm extractEntry dist/ops/axis_util.js.map
618 silly gunzTarPerm extractEntry dist/ops/batchnorm_test.d.ts
619 silly gunzTarPerm extractEntry dist/ops/batchnorm_test.js
620 silly gunzTarPerm extractEntry dist/ops/batchnorm_test.js.map
621 silly gunzTarPerm extractEntry dist/ops/batchnorm.d.ts
622 silly gunzTarPerm extractEntry dist/ops/batchnorm.js
623 silly gunzTarPerm extractEntry dist/ops/batchnorm.js.map
624 silly gunzTarPerm extractEntry dist/ops/binary_ops_test.d.ts
625 silly gunzTarPerm extractEntry dist/ops/binary_ops_test.js
626 silly gunzTarPerm extractEntry dist/ops/binary_ops_test.js.map
627 silly gunzTarPerm extractEntry dist/ops/binary_ops.d.ts
628 silly gunzTarPerm extractEntry dist/ops/binary_ops.js
629 silly gunzTarPerm extractEntry dist/ops/binary_ops.js.map
630 silly gunzTarPerm extractEntry dist/ops/broadcast_util_test.d.ts
631 silly gunzTarPerm extractEntry dist/ops/broadcast_util_test.js
632 silly gunzTarPerm extractEntry dist/ops/broadcast_util_test.js.map
633 silly gunzTarPerm extractEntry dist/ops/broadcast_util.d.ts
634 silly gunzTarPerm extractEntry dist/ops/broadcast_util.js
635 silly gunzTarPerm extractEntry dist/ops/broadcast_util.js.map
636 silly gunzTarPerm extractEntry dist/ops/clone_test.d.ts
637 silly gunzTarPerm extractEntry dist/ops/clone_test.js
638 silly gunzTarPerm extractEntry dist/ops/clone_test.js.map
639 silly gunzTarPerm extractEntry dist/ops/compare.d.ts
640 silly gunzTarPerm extractEntry dist/ops/compare.js
641 silly gunzTarPerm extractEntry dist/ops/compare.js.map
642 silly gunzTarPerm extractEntry dist/ops/compareop_test.d.ts
643 silly gunzTarPerm extractEntry dist/ops/compareop_test.js
644 silly gunzTarPerm extractEntry dist/ops/compareop_test.js.map
645 silly gunzTarPerm extractEntry dist/ops/concat_test.d.ts
646 silly gunzTarPerm extractEntry dist/ops/concat_test.js
647 silly gunzTarPerm extractEntry dist/ops/concat_test.js.map
648 silly gunzTarPerm extractEntry dist/ops/concat_util_test.d.ts
649 silly gunzTarPerm extractEntry dist/ops/concat_util_test.js
650 silly gunzTarPerm extractEntry dist/ops/concat_util_test.js.map
651 silly gunzTarPerm extractEntry dist/ops/concat_util.d.ts
652 silly gunzTarPerm extractEntry dist/ops/concat_util.js
653 silly gunzTarPerm extractEntry dist/ops/concat_util.js.map
654 silly gunzTarPerm extractEntry dist/ops/concat.d.ts
655 silly gunzTarPerm extractEntry dist/ops/concat.js
656 silly gunzTarPerm extractEntry dist/ops/concat.js.map
657 silly gunzTarPerm extractEntry dist/ops/conv_util_test.d.ts
658 silly gunzTarPerm extractEntry dist/ops/conv_util_test.js
659 silly gunzTarPerm extractEntry dist/ops/conv_util_test.js.map
660 silly gunzTarPerm extractEntry dist/ops/conv_util.d.ts
661 silly gunzTarPerm extractEntry dist/ops/conv_util.js
662 silly gunzTarPerm extractEntry dist/ops/conv_util.js.map
663 silly gunzTarPerm extractEntry dist/ops/conv.d.ts
664 silly gunzTarPerm extractEntry dist/ops/conv.js
665 silly gunzTarPerm extractEntry dist/ops/conv.js.map
666 silly gunzTarPerm extractEntry dist/ops/conv1d_test.d.ts
667 silly gunzTarPerm extractEntry dist/ops/conv1d_test.js
668 silly gunzTarPerm extractEntry dist/ops/conv1d_test.js.map
669 silly gunzTarPerm extractEntry dist/ops/conv2d_depthwise_test.d.ts
670 silly gunzTarPerm extractEntry dist/ops/conv2d_depthwise_test.js
671 silly gunzTarPerm extractEntry dist/ops/conv2d_depthwise_test.js.map
672 silly gunzTarPerm extractEntry dist/ops/conv2d_separable_test.d.ts
673 silly gunzTarPerm extractEntry dist/ops/conv2d_separable_test.js
674 silly gunzTarPerm extractEntry dist/ops/conv2d_separable_test.js.map
675 silly gunzTarPerm extractEntry dist/ops/conv2d_test.d.ts
676 silly gunzTarPerm extractEntry dist/ops/conv2d_test.js
677 silly gunzTarPerm extractEntry dist/ops/conv2d_test.js.map
678 silly gunzTarPerm extractEntry dist/ops/conv2d_transpose_test.d.ts
679 silly gunzTarPerm extractEntry dist/ops/conv2d_transpose_test.js
680 silly gunzTarPerm extractEntry dist/ops/conv2d_transpose_test.js.map
681 silly gunzTarPerm extractEntry dist/ops/erf_util.d.ts
682 silly gunzTarPerm extractEntry dist/ops/erf_util.js
683 silly gunzTarPerm extractEntry dist/ops/erf_util.js.map
684 silly gunzTarPerm extractEntry dist/ops/image_ops_test.d.ts
685 silly gunzTarPerm extractEntry dist/ops/image_ops_test.js
686 silly gunzTarPerm extractEntry dist/ops/image_ops_test.js.map
687 silly gunzTarPerm extractEntry dist/ops/image_ops.d.ts
688 silly gunzTarPerm extractEntry dist/ops/image_ops.js
689 silly gunzTarPerm extractEntry dist/ops/image_ops.js.map
690 silly gunzTarPerm extractEntry dist/ops/linalg_ops_test.d.ts
691 silly gunzTarPerm extractEntry dist/ops/linalg_ops_test.js
692 silly gunzTarPerm extractEntry dist/ops/linalg_ops_test.js.map
693 silly gunzTarPerm extractEntry dist/ops/linalg_ops.d.ts
694 silly gunzTarPerm extractEntry dist/ops/linalg_ops.js
695 silly gunzTarPerm extractEntry dist/ops/linalg_ops.js.map
696 silly gunzTarPerm extractEntry dist/ops/logical_ops.d.ts
697 silly gunzTarPerm extractEntry dist/ops/logical_ops.js
698 silly gunzTarPerm extractEntry dist/ops/logical_ops.js.map
699 silly gunzTarPerm extractEntry dist/ops/logicalop_test.d.ts
700 silly gunzTarPerm extractEntry dist/ops/logicalop_test.js
701 silly gunzTarPerm extractEntry dist/ops/logicalop_test.js.map
702 silly gunzTarPerm extractEntry dist/ops/loss_ops_test.d.ts
703 silly gunzTarPerm extractEntry dist/ops/loss_ops_test.js
704 silly gunzTarPerm extractEntry dist/ops/loss_ops_test.js.map
705 silly gunzTarPerm extractEntry dist/ops/loss_ops.d.ts
706 silly gunzTarPerm extractEntry dist/ops/loss_ops.js
707 silly gunzTarPerm extractEntry dist/ops/loss_ops.js.map
708 silly gunzTarPerm extractEntry dist/ops/lrn_test.d.ts
709 silly gunzTarPerm extractEntry dist/ops/lrn_test.js
710 silly gunzTarPerm extractEntry dist/ops/lrn_test.js.map
711 silly gunzTarPerm extractEntry dist/ops/lrn.d.ts
712 silly gunzTarPerm extractEntry dist/ops/lrn.js
713 silly gunzTarPerm extractEntry dist/ops/lrn.js.map
714 silly gunzTarPerm extractEntry dist/ops/lstm_test.d.ts
715 silly gunzTarPerm extractEntry dist/ops/lstm_test.js
716 silly gunzTarPerm extractEntry dist/ops/lstm_test.js.map
717 silly gunzTarPerm extractEntry dist/ops/lstm.d.ts
718 silly gunzTarPerm extractEntry dist/ops/lstm.js
719 silly gunzTarPerm extractEntry dist/ops/lstm.js.map
720 silly gunzTarPerm extractEntry dist/ops/matmul_test.d.ts
721 silly gunzTarPerm extractEntry dist/ops/matmul_test.js
722 silly gunzTarPerm extractEntry dist/ops/matmul_test.js.map
723 silly gunzTarPerm extractEntry dist/ops/matmul.d.ts
724 silly gunzTarPerm extractEntry dist/ops/matmul.js
725 silly gunzTarPerm extractEntry dist/ops/matmul.js.map
726 silly gunzTarPerm extractEntry dist/ops/moving_average_test.d.ts
727 silly gunzTarPerm extractEntry dist/ops/moving_average_test.js
728 silly gunzTarPerm extractEntry dist/ops/moving_average_test.js.map
729 silly gunzTarPerm extractEntry dist/ops/moving_average.d.ts
730 silly gunzTarPerm extractEntry dist/ops/moving_average.js
731 silly gunzTarPerm extractEntry dist/ops/moving_average.js.map
732 silly gunzTarPerm extractEntry dist/ops/multinomial_test.d.ts
733 silly gunzTarPerm extractEntry dist/ops/multinomial_test.js
734 silly gunzTarPerm extractEntry dist/ops/multinomial_test.js.map
735 silly gunzTarPerm extractEntry dist/ops/norm.d.ts
736 silly gunzTarPerm extractEntry dist/ops/norm.js
737 silly gunzTarPerm extractEntry dist/ops/norm.js.map
738 silly gunzTarPerm extractEntry dist/ops/operation_test.d.ts
739 silly gunzTarPerm extractEntry dist/ops/operation_test.js
740 silly gunzTarPerm extractEntry dist/ops/operation_test.js.map
741 silly gunzTarPerm extractEntry dist/ops/operation.d.ts
742 silly gunzTarPerm extractEntry dist/ops/operation.js
743 silly gunzTarPerm extractEntry dist/ops/operation.js.map
744 silly gunzTarPerm extractEntry dist/ops/ops.d.ts
745 silly gunzTarPerm extractEntry dist/ops/ops.js
746 silly gunzTarPerm extractEntry dist/ops/ops.js.map
747 silly gunzTarPerm extractEntry dist/ops/pad_test.d.ts
748 silly gunzTarPerm extractEntry dist/ops/pad_test.js
749 silly gunzTarPerm extractEntry dist/ops/pad_test.js.map
750 silly gunzTarPerm extractEntry dist/ops/pool_test.d.ts
751 silly gunzTarPerm extractEntry dist/ops/pool_test.js
752 silly gunzTarPerm extractEntry dist/ops/pool_test.js.map
753 silly gunzTarPerm extractEntry dist/ops/pool.d.ts
754 silly gunzTarPerm extractEntry dist/ops/pool.js
755 silly gunzTarPerm extractEntry dist/ops/pool.js.map
756 silly gunzTarPerm extractEntry dist/ops/rand_test.d.ts
757 silly gunzTarPerm extractEntry dist/ops/rand_test.js
758 silly gunzTarPerm extractEntry dist/ops/rand_test.js.map
759 silly gunzTarPerm extractEntry dist/ops/rand_util.d.ts
760 silly gunzTarPerm extractEntry dist/ops/rand_util.js
761 silly gunzTarPerm extractEntry dist/ops/rand_util.js.map
762 silly gunzTarPerm extractEntry dist/ops/rand.d.ts
763 silly gunzTarPerm extractEntry dist/ops/rand.js
764 silly gunzTarPerm extractEntry dist/ops/rand.js.map
765 silly gunzTarPerm extractEntry dist/ops/reduce_util.d.ts
766 silly gunzTarPerm extractEntry dist/ops/reduce_util.js
767 silly gunzTarPerm extractEntry dist/ops/reduce_util.js.map
768 silly gunzTarPerm extractEntry dist/ops/reduction_ops_test.d.ts
769 silly gunzTarPerm extractEntry dist/ops/reduction_ops_test.js
770 silly gunzTarPerm extractEntry dist/ops/reduction_ops_test.js.map
771 silly gunzTarPerm extractEntry dist/ops/reduction_ops.d.ts
772 silly gunzTarPerm extractEntry dist/ops/reduction_ops.js
773 silly gunzTarPerm extractEntry dist/ops/reduction_ops.js.map
774 silly gunzTarPerm extractEntry dist/ops/relu_ops.d.ts
775 silly gunzTarPerm extractEntry dist/ops/relu_ops.js
776 silly gunzTarPerm extractEntry dist/ops/relu_ops.js.map
777 silly gunzTarPerm extractEntry dist/ops/resize_bilinear_test.d.ts
778 silly gunzTarPerm extractEntry dist/ops/resize_bilinear_test.js
779 silly gunzTarPerm extractEntry dist/ops/resize_bilinear_test.js.map
780 silly gunzTarPerm extractEntry dist/ops/resize_nearest_neighbor_test.d.ts
781 silly gunzTarPerm extractEntry dist/ops/resize_nearest_neighbor_test.js
782 silly gunzTarPerm extractEntry dist/ops/resize_nearest_neighbor_test.js.map
783 silly gunzTarPerm extractEntry dist/ops/reverse_test.d.ts
784 silly gunzTarPerm extractEntry dist/ops/reverse_test.js
785 silly gunzTarPerm extractEntry dist/ops/reverse_test.js.map
786 silly gunzTarPerm extractEntry dist/ops/reverse.d.ts
787 silly gunzTarPerm extractEntry dist/ops/reverse.js
788 silly gunzTarPerm extractEntry dist/ops/reverse.js.map
789 silly gunzTarPerm extractEntry dist/ops/segment_ops_test.d.ts
790 silly gunzTarPerm extractEntry dist/ops/segment_ops_test.js
791 silly gunzTarPerm extractEntry dist/ops/segment_ops_test.js.map
792 silly gunzTarPerm extractEntry dist/ops/segment_ops.d.ts
793 silly gunzTarPerm extractEntry dist/ops/segment_ops.js
794 silly gunzTarPerm extractEntry dist/ops/segment_ops.js.map
795 silly gunzTarPerm extractEntry dist/ops/segment_util.d.ts
796 silly gunzTarPerm extractEntry dist/ops/segment_util.js
797 silly gunzTarPerm extractEntry dist/ops/segment_util.js.map
798 silly gunzTarPerm extractEntry dist/ops/selu_util.d.ts
799 silly gunzTarPerm extractEntry dist/ops/selu_util.js
800 silly gunzTarPerm extractEntry dist/ops/selu_util.js.map
801 silly gunzTarPerm extractEntry dist/ops/slice_test.d.ts
802 silly gunzTarPerm extractEntry dist/ops/slice_test.js
803 silly gunzTarPerm extractEntry dist/ops/slice_test.js.map
804 silly gunzTarPerm extractEntry dist/ops/slice_util.d.ts
805 silly gunzTarPerm extractEntry dist/ops/slice_util.js
806 silly gunzTarPerm extractEntry dist/ops/slice_util.js.map
807 silly gunzTarPerm extractEntry dist/ops/slice.d.ts
808 silly gunzTarPerm extractEntry dist/ops/slice.js
809 silly gunzTarPerm extractEntry dist/ops/slice.js.map
810 silly gunzTarPerm extractEntry dist/ops/softmax_test.d.ts
811 silly gunzTarPerm extractEntry dist/ops/softmax_test.js
812 silly gunzTarPerm extractEntry dist/ops/softmax_test.js.map
813 silly gunzTarPerm extractEntry dist/ops/softmax.d.ts
814 silly gunzTarPerm extractEntry dist/ops/softmax.js
815 silly gunzTarPerm extractEntry dist/ops/softmax.js.map
816 silly gunzTarPerm extractEntry dist/ops/strided_slice_test.d.ts
817 silly gunzTarPerm extractEntry dist/ops/strided_slice_test.js
818 silly gunzTarPerm extractEntry dist/ops/strided_slice_test.js.map
819 silly gunzTarPerm extractEntry dist/ops/strided_slice.d.ts
820 silly gunzTarPerm extractEntry dist/ops/strided_slice.js
821 silly gunzTarPerm extractEntry dist/ops/strided_slice.js.map
822 silly gunzTarPerm extractEntry dist/ops/tensor_ops.d.ts
823 silly gunzTarPerm extractEntry dist/ops/tensor_ops.js
824 silly gunzTarPerm extractEntry dist/ops/tensor_ops.js.map
825 silly gunzTarPerm extractEntry dist/ops/topk_test.d.ts
826 silly gunzTarPerm extractEntry dist/ops/topk_test.js
827 silly gunzTarPerm extractEntry dist/ops/topk_test.js.map
828 silly gunzTarPerm extractEntry dist/ops/topk.d.ts
829 silly gunzTarPerm extractEntry dist/ops/topk.js
830 silly gunzTarPerm extractEntry dist/ops/topk.js.map
831 silly gunzTarPerm extractEntry dist/ops/transpose_test.d.ts
832 silly gunzTarPerm extractEntry dist/ops/transpose_test.js
833 silly gunzTarPerm extractEntry dist/ops/transpose_test.js.map
834 silly gunzTarPerm extractEntry dist/ops/transpose.d.ts
835 silly gunzTarPerm extractEntry dist/ops/transpose.js
836 silly gunzTarPerm extractEntry dist/ops/transpose.js.map
837 silly gunzTarPerm extractEntry dist/ops/unary_ops_test.d.ts
838 silly gunzTarPerm extractEntry dist/ops/unary_ops_test.js
839 silly gunzTarPerm extractEntry dist/ops/unary_ops_test.js.map
840 silly gunzTarPerm extractEntry dist/ops/unary_ops.d.ts
841 silly gunzTarPerm extractEntry dist/ops/unary_ops.js
842 silly gunzTarPerm extractEntry dist/ops/unary_ops.js.map
843 silly gunzTarPerm extractEntry dist/optimizers/adadelta_optimizer_test.d.ts
844 silly gunzTarPerm extractEntry dist/optimizers/adadelta_optimizer_test.js
845 silly gunzTarPerm extractEntry dist/optimizers/adadelta_optimizer_test.js.map
846 silly gunzTarPerm extractEntry dist/optimizers/adadelta_optimizer.d.ts
847 silly gunzTarPerm extractEntry dist/optimizers/adadelta_optimizer.js
848 silly gunzTarPerm extractEntry dist/optimizers/adadelta_optimizer.js.map
849 silly gunzTarPerm extractEntry dist/optimizers/adagrad_optimizer_test.d.ts
850 silly gunzTarPerm extractEntry dist/optimizers/adagrad_optimizer_test.js
851 silly gunzTarPerm extractEntry dist/optimizers/adagrad_optimizer_test.js.map
852 silly gunzTarPerm extractEntry dist/optimizers/adagrad_optimizer.d.ts
853 silly gunzTarPerm extractEntry dist/optimizers/adagrad_optimizer.js
854 silly gunzTarPerm extractEntry dist/optimizers/adagrad_optimizer.js.map
855 silly gunzTarPerm extractEntry dist/optimizers/adam_optimizer_test.d.ts
856 silly gunzTarPerm extractEntry dist/optimizers/adam_optimizer_test.js
857 silly gunzTarPerm extractEntry dist/optimizers/adam_optimizer_test.js.map
858 silly gunzTarPerm extractEntry dist/optimizers/adam_optimizer.d.ts
859 silly gunzTarPerm extractEntry dist/optimizers/adam_optimizer.js
860 silly gunzTarPerm extractEntry dist/optimizers/adam_optimizer.js.map
861 silly gunzTarPerm extractEntry dist/optimizers/adamax_optimizer_test.d.ts
862 silly gunzTarPerm extractEntry dist/optimizers/adamax_optimizer_test.js
863 silly gunzTarPerm extractEntry dist/optimizers/adamax_optimizer_test.js.map
864 silly gunzTarPerm extractEntry dist/optimizers/adamax_optimizer.d.ts
865 silly gunzTarPerm extractEntry dist/optimizers/adamax_optimizer.js
866 silly gunzTarPerm extractEntry dist/optimizers/adamax_optimizer.js.map
867 silly gunzTarPerm extractEntry dist/optimizers/momentum_optimizer_test.d.ts
868 silly gunzTarPerm extractEntry dist/optimizers/momentum_optimizer_test.js
869 silly gunzTarPerm extractEntry dist/optimizers/momentum_optimizer_test.js.map
870 silly gunzTarPerm extractEntry dist/optimizers/momentum_optimizer.d.ts
871 silly gunzTarPerm extractEntry dist/optimizers/momentum_optimizer.js
872 silly gunzTarPerm extractEntry dist/optimizers/momentum_optimizer.js.map
873 silly gunzTarPerm extractEntry dist/optimizers/optimizer_constructors.d.ts
874 silly gunzTarPerm extractEntry dist/optimizers/optimizer_constructors.js
875 silly gunzTarPerm extractEntry dist/optimizers/optimizer_constructors.js.map
876 silly gunzTarPerm extractEntry dist/optimizers/optimizer_test.d.ts
877 silly gunzTarPerm extractEntry dist/optimizers/optimizer_test.js
878 silly gunzTarPerm extractEntry dist/optimizers/optimizer_test.js.map
879 silly gunzTarPerm extractEntry dist/optimizers/optimizer_utils.d.ts
880 silly gunzTarPerm extractEntry dist/optimizers/optimizer_utils.js
881 silly gunzTarPerm extractEntry dist/optimizers/optimizer_utils.js.map
882 silly gunzTarPerm extractEntry dist/optimizers/optimizer.d.ts
883 silly gunzTarPerm extractEntry dist/optimizers/optimizer.js
884 silly gunzTarPerm extractEntry dist/optimizers/optimizer.js.map
885 silly gunzTarPerm extractEntry dist/optimizers/rmsprop_optimizer_test.d.ts
886 silly gunzTarPerm extractEntry dist/optimizers/rmsprop_optimizer_test.js
887 silly gunzTarPerm extractEntry dist/optimizers/rmsprop_optimizer_test.js.map
888 silly gunzTarPerm extractEntry dist/optimizers/rmsprop_optimizer.d.ts
889 silly gunzTarPerm extractEntry dist/optimizers/rmsprop_optimizer.js
890 silly gunzTarPerm extractEntry dist/optimizers/rmsprop_optimizer.js.map
891 silly gunzTarPerm extractEntry dist/optimizers/sgd_optimizer_test.d.ts
892 silly gunzTarPerm extractEntry dist/optimizers/sgd_optimizer_test.js
893 silly gunzTarPerm extractEntry dist/optimizers/sgd_optimizer_test.js.map
894 silly gunzTarPerm extractEntry dist/optimizers/sgd_optimizer.d.ts
895 silly gunzTarPerm extractEntry dist/optimizers/sgd_optimizer.js
896 silly gunzTarPerm extractEntry dist/optimizers/sgd_optimizer.js.map
897 silly gunzTarPerm extractEntry dist/profiler_test.d.ts
898 silly gunzTarPerm extractEntry dist/profiler_test.js
899 silly gunzTarPerm extractEntry dist/profiler_test.js.map
900 silly gunzTarPerm extractEntry dist/profiler.d.ts
901 silly gunzTarPerm extractEntry dist/profiler.js
902 silly gunzTarPerm extractEntry dist/profiler.js.map
903 silly gunzTarPerm extractEntry dist/serialization.d.ts
904 silly gunzTarPerm extractEntry dist/serialization.js
905 silly gunzTarPerm extractEntry dist/serialization.js.map
906 silly gunzTarPerm extractEntry dist/tape_test.d.ts
907 silly gunzTarPerm extractEntry dist/tape_test.js
908 silly gunzTarPerm extractEntry dist/tape_test.js.map
909 silly gunzTarPerm extractEntry dist/tape.d.ts
910 silly gunzTarPerm extractEntry dist/tape.js
911 silly gunzTarPerm extractEntry dist/tape.js.map
912 silly gunzTarPerm extractEntry dist/tensor_format.d.ts
913 silly gunzTarPerm extractEntry dist/tensor_format.js
914 silly gunzTarPerm extractEntry dist/tensor_format.js.map
915 silly gunzTarPerm extractEntry dist/tensor_test.d.ts
916 silly gunzTarPerm extractEntry dist/tensor_test.js
917 silly gunzTarPerm extractEntry dist/tensor_test.js.map
918 silly gunzTarPerm extractEntry dist/tensor_types.d.ts
919 silly gunzTarPerm extractEntry dist/tensor_types.js
920 silly gunzTarPerm extractEntry dist/tensor_types.js.map
921 silly gunzTarPerm extractEntry dist/tensor_util_env.d.ts
922 silly gunzTarPerm extractEntry dist/tensor_util_env.js
923 silly gunzTarPerm extractEntry dist/tensor_util_env.js.map
924 silly gunzTarPerm extractEntry dist/tensor_util_test.d.ts
925 silly gunzTarPerm extractEntry dist/tensor_util_test.js
926 silly gunzTarPerm extractEntry dist/tensor_util_test.js.map
927 silly gunzTarPerm extractEntry dist/tensor_util.d.ts
928 silly gunzTarPerm extractEntry dist/tensor_util.js
929 silly gunzTarPerm extractEntry dist/tensor_util.js.map
930 silly gunzTarPerm extractEntry dist/tensor.d.ts
931 silly gunzTarPerm extractEntry dist/tensor.js
932 silly gunzTarPerm extractEntry dist/tensor.js.map
933 silly gunzTarPerm extractEntry dist/test_env.d.ts
934 silly gunzTarPerm extractEntry dist/test_env.js
935 silly gunzTarPerm extractEntry dist/test_env.js.map
936 silly gunzTarPerm extractEntry dist/test_node.d.ts
937 silly gunzTarPerm extractEntry dist/test_node.js
938 silly gunzTarPerm extractEntry dist/test_node.js.map
939 silly gunzTarPerm extractEntry dist/test_util.d.ts
940 silly gunzTarPerm extractEntry dist/test_util.js
941 silly gunzTarPerm extractEntry dist/test_util.js.map
942 silly gunzTarPerm extractEntry dist/tf-core.esm.js
943 silly gunzTarPerm extractEntry dist/tf-core.esm.js.map
944 silly gunzTarPerm extractEntry dist/tf-core.js
945 silly gunzTarPerm extractEntry dist/tf-core.js.map
946 silly gunzTarPerm extractEntry dist/tf-core.min.js
947 silly gunzTarPerm extractEntry dist/tf-core.min.js.map
948 silly gunzTarPerm extractEntry dist/tracking_test.d.ts
949 silly gunzTarPerm extractEntry dist/tracking_test.js
950 silly gunzTarPerm extractEntry dist/tracking_test.js.map
951 silly gunzTarPerm extractEntry dist/train.d.ts
952 silly gunzTarPerm extractEntry dist/train.js
953 silly gunzTarPerm extractEntry dist/train.js.map
954 silly gunzTarPerm extractEntry dist/types.d.ts
955 silly gunzTarPerm extractEntry dist/types.js
956 silly gunzTarPerm extractEntry dist/types.js.map
957 silly gunzTarPerm extractEntry dist/util_test.d.ts
958 silly gunzTarPerm extractEntry dist/util_test.js
959 silly gunzTarPerm extractEntry dist/util_test.js.map
960 silly gunzTarPerm extractEntry dist/util.d.ts
961 silly gunzTarPerm extractEntry dist/util.js
962 silly gunzTarPerm extractEntry dist/util.js.map
963 silly gunzTarPerm extractEntry dist/variable_test.d.ts
964 silly gunzTarPerm extractEntry dist/variable_test.js
965 silly gunzTarPerm extractEntry dist/variable_test.js.map
966 silly gunzTarPerm extractEntry dist/version_test.d.ts
967 silly gunzTarPerm extractEntry dist/version_test.js
968 silly gunzTarPerm extractEntry dist/version_test.js.map
969 silly gunzTarPerm extractEntry dist/version.d.ts
970 silly gunzTarPerm extractEntry dist/version.js
971 silly gunzTarPerm extractEntry dist/version.js.map
972 silly gunzTarPerm extractEntry dist/webgl.d.ts
973 silly gunzTarPerm extractEntry dist/webgl.js
974 silly gunzTarPerm extractEntry dist/webgl.js.map
975 silly gentlyRm /home/welcomebuddy/Documents/projects/morganstanley/jsbot/node_modules/.staging/@tensorflow/tfjs-core-98585d10/node_modules is being purged
976 verbose gentlyRm don't care about contents; nuking /home/welcomebuddy/Documents/projects/morganstanley/jsbot/node_modules/.staging/@tensorflow/tfjs-core-98585d10/node_modules
977 silly doParallel preinstall 4
978 silly preinstall @tensorflow/tfjs-core@0.12.8 /home/welcomebuddy/Documents/projects/morganstanley/jsbot/node_modules/.staging/@tensorflow/tfjs-core-98585d10
979 info lifecycle @tensorflow/tfjs-core@0.12.8~preinstall: @tensorflow/tfjs-core@0.12.8
980 silly preinstall bindings@1.3.0 /home/welcomebuddy/Documents/projects/morganstanley/jsbot/node_modules/.staging/bindings-f9b9bd19
981 info lifecycle bindings@1.3.0~preinstall: bindings@1.3.0
982 silly preinstall @tensorflow/tfjs@0.12.4 /home/welcomebuddy/Documents/projects/morganstanley/jsbot/node_modules/.staging/@tensorflow/tfjs-b2fefa86
983 info lifecycle @tensorflow/tfjs@0.12.4~preinstall: @tensorflow/tfjs@0.12.4
984 silly preinstall @tensorflow/tfjs-node@0.1.9 /home/welcomebuddy/Documents/projects/morganstanley/jsbot/node_modules/.staging/@tensorflow/tfjs-node-dc25d36a
985 info lifecycle @tensorflow/tfjs-node@0.1.9~preinstall: @tensorflow/tfjs-node@0.1.9
986 silly lifecycle @tensorflow/tfjs-core@0.12.8~preinstall: no script for preinstall, continuing
987 silly lifecycle bindings@1.3.0~preinstall: no script for preinstall, continuing
988 silly lifecycle @tensorflow/tfjs@0.12.4~preinstall: no script for preinstall, continuing
989 silly lifecycle @tensorflow/tfjs-node@0.1.9~preinstall: no script for preinstall, continuing
990 silly doReverseSerial remove 0
991 silly doSerial move 0
992 silly doSerial finalize 4
993 silly finalize /home/welcomebuddy/Documents/projects/morganstanley/jsbot/node_modules/@tensorflow/tfjs-core
994 silly finalize /home/welcomebuddy/Documents/projects/morganstanley/jsbot/node_modules/bindings
995 silly finalize /home/welcomebuddy/Documents/projects/morganstanley/jsbot/node_modules/@tensorflow/tfjs
996 silly finalize /home/welcomebuddy/Documents/projects/morganstanley/jsbot/node_modules/@tensorflow/tfjs-node
997 silly doSerial build 4
998 silly build @tensorflow/tfjs-core@0.12.8
999 info linkStuff @tensorflow/tfjs-core@0.12.8
1000 silly linkStuff @tensorflow/tfjs-core@0.12.8 has /home/welcomebuddy/Documents/projects/morganstanley/jsbot/node_modules as its parent node_modules
1001 verbose linkBins @tensorflow/tfjs-core@0.12.8
1002 verbose linkMans @tensorflow/tfjs-core@0.12.8
1003 silly build bindings@1.3.0
1004 info linkStuff bindings@1.3.0
1005 silly linkStuff bindings@1.3.0 has /home/welcomebuddy/Documents/projects/morganstanley/jsbot/node_modules as its parent node_modules
1006 verbose linkBins bindings@1.3.0
1007 verbose linkMans bindings@1.3.0
1008 silly build @tensorflow/tfjs@0.12.4
1009 info linkStuff @tensorflow/tfjs@0.12.4
1010 silly linkStuff @tensorflow/tfjs@0.12.4 has /home/welcomebuddy/Documents/projects/morganstanley/jsbot/node_modules as its parent node_modules
1011 verbose linkBins @tensorflow/tfjs@0.12.4
1012 verbose linkMans @tensorflow/tfjs@0.12.4
1013 silly build @tensorflow/tfjs-node@0.1.9
1014 info linkStuff @tensorflow/tfjs-node@0.1.9
1015 silly linkStuff @tensorflow/tfjs-node@0.1.9 has /home/welcomebuddy/Documents/projects/morganstanley/jsbot/node_modules as its parent node_modules
1016 verbose linkBins @tensorflow/tfjs-node@0.1.9
1017 verbose linkMans @tensorflow/tfjs-node@0.1.9
1018 silly doSerial global-link 0
1019 silly doParallel update-linked 0
1020 silly doSerial install 4
1021 silly install @tensorflow/tfjs-core@0.12.8 /home/welcomebuddy/Documents/projects/morganstanley/jsbot/node_modules/.staging/@tensorflow/tfjs-core-98585d10
1022 info lifecycle @tensorflow/tfjs-core@0.12.8~install: @tensorflow/tfjs-core@0.12.8
1023 silly lifecycle @tensorflow/tfjs-core@0.12.8~install: no script for install, continuing
1024 silly install bindings@1.3.0 /home/welcomebuddy/Documents/projects/morganstanley/jsbot/node_modules/.staging/bindings-f9b9bd19
1025 info lifecycle bindings@1.3.0~install: bindings@1.3.0
1026 silly lifecycle bindings@1.3.0~install: no script for install, continuing
1027 silly install @tensorflow/tfjs@0.12.4 /home/welcomebuddy/Documents/projects/morganstanley/jsbot/node_modules/.staging/@tensorflow/tfjs-b2fefa86
1028 info lifecycle @tensorflow/tfjs@0.12.4~install: @tensorflow/tfjs@0.12.4
1029 silly lifecycle @tensorflow/tfjs@0.12.4~install: no script for install, continuing
1030 silly install @tensorflow/tfjs-node@0.1.9 /home/welcomebuddy/Documents/projects/morganstanley/jsbot/node_modules/.staging/@tensorflow/tfjs-node-dc25d36a
1031 info lifecycle @tensorflow/tfjs-node@0.1.9~install: @tensorflow/tfjs-node@0.1.9
1032 verbose lifecycle @tensorflow/tfjs-node@0.1.9~install: unsafe-perm in lifecycle true
1033 verbose lifecycle @tensorflow/tfjs-node@0.1.9~install: PATH: /usr/share/npm/bin/node-gyp-bin:/home/welcomebuddy/Documents/projects/morganstanley/jsbot/node_modules/@tensorflow/tfjs-node/node_modules/.bin:/home/welcomebuddy/Documents/projects/morganstanley/jsbot/node_modules/.bin:/usr/local/cuda-9.0/bin:/usr/local/cuda-9.0/bin:/home/welcomebuddy/.local/bin:/usr/local/sbin:/usr/local/bin:/usr/sbin:/usr/bin:/sbin:/bin:/usr/games:/usr/local/games:/snap/bin:/usr/lib/jvm/java-8-oracle/bin:/usr/lib/jvm/java-8-oracle/db/bin:/usr/lib/jvm/java-8-oracle/jre/bin
1034 verbose lifecycle @tensorflow/tfjs-node@0.1.9~install: CWD: /home/welcomebuddy/Documents/projects/morganstanley/jsbot/node_modules/@tensorflow/tfjs-node
1035 silly lifecycle @tensorflow/tfjs-node@0.1.9~install: Args: [ '-c', 'node-gyp rebuild' ]
1036 silly lifecycle @tensorflow/tfjs-node@0.1.9~install: Returned: code: 1  signal: null
1037 info lifecycle @tensorflow/tfjs-node@0.1.9~install: Failed to exec install script
1038 verbose unlock done using /home/welcomebuddy/.npm/_locks/staging-8df330324ddfe718.lock for /home/welcomebuddy/Documents/projects/morganstanley/jsbot/node_modules/.staging
1039 silly rollbackFailedOptional Starting
1040 silly rollbackFailedOptional Finishing
1041 silly runTopLevelLifecycles Starting
1042 silly runTopLevelLifecycles Finishing
1043 silly install printInstalled
1044 verbose stack Error: @tensorflow/tfjs-node@0.1.9 install: `node-gyp rebuild`
1044 verbose stack Exit status 1
1044 verbose stack     at EventEmitter.<anonymous> (/usr/share/npm/lib/utils/lifecycle.js:232:16)
1044 verbose stack     at emitTwo (events.js:126:13)
1044 verbose stack     at EventEmitter.emit (events.js:214:7)
1044 verbose stack     at ChildProcess.<anonymous> (/usr/share/npm/lib/utils/spawn.js:24:14)
1044 verbose stack     at emitTwo (events.js:126:13)
1044 verbose stack     at ChildProcess.emit (events.js:214:7)
1044 verbose stack     at maybeClose (internal/child_process.js:925:16)
1044 verbose stack     at Process.ChildProcess._handle.onexit (internal/child_process.js:209:5)
1045 verbose pkgid @tensorflow/tfjs-node@0.1.9
1046 verbose cwd /home/welcomebuddy/Documents/projects/morganstanley/jsbot
1047 error Linux 4.15.0-29-generic
1048 error argv "/usr/bin/node" "/usr/bin/npm" "install" "@tensorflow/tfjs-node"
1049 error node v8.10.0
1050 error npm  v3.5.2
1051 error code ELIFECYCLE
1052 error @tensorflow/tfjs-node@0.1.9 install: `node-gyp rebuild`
1052 error Exit status 1
1053 error Failed at the @tensorflow/tfjs-node@0.1.9 install script 'node-gyp rebuild'.
1053 error Make sure you have the latest version of node.js and npm installed.
1053 error If you do, this is most likely a problem with the @tensorflow/tfjs-node package,
1053 error not with npm itself.
1053 error Tell the author that this fails on your system:
1053 error     node-gyp rebuild
1053 error You can get information on how to open an issue for this project with:
1053 error     npm bugs @tensorflow/tfjs-node
1053 error Or if that isn't available, you can get their info via:
1053 error     npm owner ls @tensorflow/tfjs-node
1053 error There is likely additional logging output above.
1054 verbose exit [ 1, true ]
